9510
15
25
30
40
45
50
55
70
85
95
10
15
25
30
40
45
50
55
70
85
95
10
15
25
30
40
45
50
55
70
85
95
10
15
25
30
40
45
50
55
70
85
95
10
15
25
30
40
45
50
55
70
85
95
10
15
25
30
40
45
50
55
70
85
95
10
15
25
30
40
45
50
55
70
85
95
10
15
25
30
40
45
50
55
70
85
95
10
15
25
30
40
45
50
55
70
85
95
10
15
25
30
40
45
50
55
70
85
95
10
15
25
30
40
45
50
55
70
85
95
10
15
25
30
40
45
50
55
70
85
95
10
15
25
30
40
45
50
55
70
85
95
10
15
25
30
40
45
50
55
70
85
95
10
15
25
30
40
45
50
55
70
85
95
10
15
25
30
40
45
50
55
70
85
95
100
